Started by user [8mha:////4Gu+7aA5jDkiFfpngZXal1oqojI5ys5EjQGp3hFIbswnAAAAlx+LCAAAAAAAAP9b85aBtbiIQTGjNKU4P08vOT+vOD8nVc83PyU1x6OyILUoJzMv2y+/JJUBAhiZGBgqihhk0NSjKDWzXb3RdlLBUSYGJk8GtpzUvPSSDB8G5tKinBIGIZ+sxLJE/ZzEvHT94JKizLx0a6BxUmjGOUNodHsLgAzWEgZu/dLi1CL9xJTczDwAj6GcLcAAAAA=[0madmin
Running as SYSTEM
Building in workspace C:\Program Files (x86)\Jenkins\workspace\Category API
[Category API] $ cmd /c call C:\Windows\TEMP\jenkins7366907501775275540.bat

C:\Program Files (x86)\Jenkins\workspace\Category API>cd C:\Users\Arti Mehtani\AppData\Roaming\npm 

C:\Users\Arti Mehtani\AppData\Roaming\npm>newman run https://www.getpostman.com/collections/dd6ba17dd2bb490ed018 
newman

Category management resource (Category Management Api) Category Api

‚Üí Get category hierarchy from root.
  POST http://localhost:8080/api/v1/private/login [200 OK, 862B, 74ms]
  GET http://localhost:8080/api/v1/category [200 OK, 2.85KB, 19ms]
  ‚àö  Status code is 200
  ‚àö  Response time is less than 200ms
  ‚àö  Status code name has string
  ‚àö  Body matches string
  ‚àö  Body matches string

‚Üí  Get category list for an given Category id
  POST http://localhost:8080/api/v1/private/login [200 OK, 787B, 12ms]
  GET http://localhost:8080/api/v1/category/2 [200 OK, 725B, 16ms]
  ‚àö  Status code is 200
  ‚àö  Response time is less than 200ms
  ‚àö  Status code name has string
  ‚àö  Body matches string
  ‚àö  Your test name

‚Üí create a category
  POST http://localhost:8080/api/v1/private/login [200 OK, 787B, 15ms]
  POST http://localhost:8080/api/v1/private/category [500 Internal Server Error, 1.19KB, 11.9s]
  1. Status code is 201
  2. Response time is less than 200ms
  3. Body matches string
  4. Your test name
  5. Successful POST request
  6. Status code name has string

‚Üí Update the store
  POST http://localhost:8080/api/v1/private/login [200 OK, 787B, 16ms]
  PUT http://localhost:8080/api/v1/private/category/ [405 Method Not Allowed, 758B, 33ms]
  7. Status code is 200
  ‚àö  Response time is less than 200ms
  8. Body matches string
  9. Your test name

‚Üí Delete the category
  POST http://localhost:8080/api/v1/private/login [200 OK, 787B, 10ms]
  DELETE http://localhost:8080/api/v1/private/category/ [405 Method Not Allowed, 761B, 12ms]
 10. Status code is 200
  ‚àö  Response time is less than 200ms
 11. Status code name has string

‚Üí Move a category under another category
  POST http://localhost:8080/api/v1/private/login [200 OK, 787B, 13ms]
  PUT http://localhost:8080/api/v1/private/category/1/move/4 [200 OK, 520B, 20ms]
  ‚àö  Status code is 200
  ‚àö  Response time is less than 200ms
  ‚àö  Status code name has string

‚Üí Update visible
  POST http://localhost:8080/api/v1/private/login [200 OK, 787B, 28ms]
  PATCH http://localhost:8080/api/v1/private/category/57/visible [200 OK, 520B, 25ms]
  ‚àö  Status code is 200
  ‚àö  Response time is less than 200ms
  ‚àö  Status code name has string

‚Üí  Check if category code already exists
  POST http://localhost:8080/api/v1/private/login [200 OK, 787B, 9ms]
  GET http://localhost:8080/api/v1/private/category/unique?code=Makeup2 [200 OK, 576B, 11ms]
  ‚àö  Status code is 200
  ‚àö  Response time is less than 200ms
  ‚àö  Status code name has string
  ‚àö  Code exists check

‚îå‚îÄ‚îÄ‚îÄ‚îÄ‚îÄ‚îÄ‚îÄ‚îÄ‚îÄ‚îÄ‚îÄ‚îÄ‚îÄ‚îÄ‚îÄ‚îÄ‚îÄ‚îÄ‚îÄ‚îÄ‚îÄ‚îÄ‚îÄ‚îÄ‚îÄ‚î¨‚îÄ‚îÄ‚îÄ‚îÄ‚îÄ‚îÄ‚îÄ‚îÄ‚îÄ‚îÄ‚îÄ‚îÄ‚îÄ‚îÄ‚îÄ‚îÄ‚îÄ‚îÄ‚îÄ‚î¨‚îÄ‚îÄ‚îÄ‚îÄ‚îÄ‚îÄ‚îÄ‚îÄ‚îÄ‚îÄ‚îÄ‚îÄ‚îÄ‚îÄ‚îÄ‚îÄ‚îÄ‚îÄ‚îÄ‚îê
‚îÇ                         ‚îÇ          executed ‚îÇ            failed ‚îÇ
‚îú‚îÄ‚îÄ‚îÄ‚îÄ‚îÄ‚îÄ‚îÄ‚îÄ‚îÄ‚îÄ‚îÄ‚îÄ‚îÄ‚îÄ‚îÄ‚îÄ‚îÄ‚îÄ‚îÄ‚îÄ‚îÄ‚îÄ‚îÄ‚îÄ‚îÄ‚îº‚îÄ‚îÄ‚îÄ‚îÄ‚îÄ‚îÄ‚îÄ‚îÄ‚îÄ‚îÄ‚îÄ‚îÄ‚îÄ‚îÄ‚îÄ‚îÄ‚îÄ‚îÄ‚îÄ‚îº‚îÄ‚îÄ‚îÄ‚îÄ‚îÄ‚îÄ‚îÄ‚îÄ‚îÄ‚îÄ‚îÄ‚îÄ‚îÄ‚îÄ‚îÄ‚îÄ‚îÄ‚îÄ‚îÄ‚î§
‚îÇ              iterations ‚îÇ                 1 ‚îÇ                 0 ‚îÇ
‚îú‚îÄ‚îÄ‚îÄ‚îÄ‚îÄ‚îÄ‚îÄ‚îÄ‚îÄ‚îÄ‚îÄ‚îÄ‚îÄ‚îÄ‚îÄ‚îÄ‚îÄ‚îÄ‚îÄ‚îÄ‚îÄ‚îÄ‚îÄ‚îÄ‚îÄ‚îº‚îÄ‚îÄ‚îÄ‚îÄ‚îÄ‚îÄ‚îÄ‚îÄ‚îÄ‚îÄ‚îÄ‚îÄ‚îÄ‚îÄ‚îÄ‚îÄ‚îÄ‚îÄ‚îÄ‚îº‚îÄ‚îÄ‚îÄ‚îÄ‚îÄ‚îÄ‚îÄ‚îÄ‚îÄ‚îÄ‚îÄ‚îÄ‚îÄ‚îÄ‚îÄ‚îÄ‚îÄ‚îÄ‚îÄ‚î§
‚îÇ                requests ‚îÇ                16 ‚îÇ                 0 ‚îÇ
‚îú‚îÄ‚îÄ‚îÄ‚îÄ‚îÄ‚îÄ‚îÄ‚îÄ‚îÄ‚îÄ‚îÄ‚îÄ‚îÄ‚îÄ‚îÄ‚îÄ‚îÄ‚îÄ‚îÄ‚îÄ‚îÄ‚îÄ‚îÄ‚îÄ‚îÄ‚îº‚îÄ‚îÄ‚îÄ‚îÄ‚îÄ‚îÄ‚îÄ‚îÄ‚îÄ‚îÄ‚îÄ‚îÄ‚îÄ‚îÄ‚îÄ‚îÄ‚îÄ‚îÄ‚îÄ‚îº‚îÄ‚îÄ‚îÄ‚îÄ‚îÄ‚îÄ‚îÄ‚îÄ‚îÄ‚îÄ‚îÄ‚îÄ‚îÄ‚îÄ‚îÄ‚îÄ‚îÄ‚îÄ‚îÄ‚î§
‚îÇ            test-scripts ‚îÇ                16 ‚îÇ                 0 ‚îÇ
‚îú‚îÄ‚îÄ‚îÄ‚îÄ‚îÄ‚îÄ‚îÄ‚îÄ‚îÄ‚îÄ‚îÄ‚îÄ‚îÄ‚îÄ‚îÄ‚îÄ‚îÄ‚îÄ‚îÄ‚îÄ‚îÄ‚îÄ‚îÄ‚îÄ‚îÄ‚îº‚îÄ‚îÄ‚îÄ‚îÄ‚îÄ‚îÄ‚îÄ‚îÄ‚îÄ‚îÄ‚îÄ‚îÄ‚îÄ‚îÄ‚îÄ‚îÄ‚îÄ‚îÄ‚îÄ‚îº‚îÄ‚îÄ‚îÄ‚îÄ‚îÄ‚îÄ‚îÄ‚îÄ‚îÄ‚îÄ‚îÄ‚îÄ‚îÄ‚îÄ‚îÄ‚îÄ‚îÄ‚îÄ‚îÄ‚î§
‚îÇ      prerequest-scripts ‚îÇ                 8 ‚îÇ                 0 ‚îÇ
‚îú‚îÄ‚îÄ‚îÄ‚îÄ‚îÄ‚îÄ‚îÄ‚îÄ‚îÄ‚îÄ‚îÄ‚îÄ‚îÄ‚îÄ‚îÄ‚îÄ‚îÄ‚îÄ‚îÄ‚îÄ‚îÄ‚îÄ‚îÄ‚îÄ‚îÄ‚îº‚îÄ‚îÄ‚îÄ‚îÄ‚îÄ‚îÄ‚îÄ‚îÄ‚îÄ‚îÄ‚îÄ‚îÄ‚îÄ‚îÄ‚îÄ‚îÄ‚îÄ‚îÄ‚îÄ‚îº‚îÄ‚îÄ‚îÄ‚îÄ‚îÄ‚îÄ‚îÄ‚îÄ‚îÄ‚îÄ‚îÄ‚îÄ‚îÄ‚îÄ‚îÄ‚îÄ‚îÄ‚îÄ‚îÄ‚î§
‚îÇ              assertions ‚îÇ                33 ‚îÇ                11 ‚îÇ
‚îú‚îÄ‚îÄ‚îÄ‚îÄ‚îÄ‚îÄ‚îÄ‚îÄ‚îÄ‚îÄ‚îÄ‚îÄ‚îÄ‚îÄ‚îÄ‚îÄ‚îÄ‚îÄ‚îÄ‚îÄ‚îÄ‚îÄ‚îÄ‚îÄ‚îÄ‚î¥‚îÄ‚îÄ‚îÄ‚îÄ‚îÄ‚îÄ‚îÄ‚îÄ‚îÄ‚îÄ‚îÄ‚îÄ‚îÄ‚îÄ‚îÄ‚îÄ‚îÄ‚îÄ‚îÄ‚î¥‚îÄ‚îÄ‚îÄ‚îÄ‚îÄ‚îÄ‚îÄ‚îÄ‚îÄ‚îÄ‚îÄ‚îÄ‚îÄ‚îÄ‚îÄ‚îÄ‚îÄ‚îÄ‚îÄ‚î§
‚îÇ total run duration: 13s                                         ‚îÇ
‚îú‚îÄ‚îÄ‚îÄ‚îÄ‚îÄ‚îÄ‚îÄ‚îÄ‚îÄ‚îÄ‚îÄ‚îÄ‚îÄ‚îÄ‚îÄ‚îÄ‚îÄ‚îÄ‚îÄ‚îÄ‚îÄ‚îÄ‚îÄ‚îÄ‚îÄ‚îÄ‚îÄ‚îÄ‚îÄ‚îÄ‚îÄ‚îÄ‚îÄ‚îÄ‚îÄ‚îÄ‚îÄ‚îÄ‚îÄ‚îÄ‚îÄ‚îÄ‚îÄ‚îÄ‚îÄ‚îÄ‚îÄ‚îÄ‚îÄ‚îÄ‚îÄ‚îÄ‚îÄ‚îÄ‚îÄ‚îÄ‚îÄ‚îÄ‚îÄ‚îÄ‚îÄ‚îÄ‚îÄ‚îÄ‚îÄ‚î§
‚îÇ total data received: 5.58KB (approx)                            ‚îÇ
‚îú‚îÄ‚îÄ‚îÄ‚îÄ‚îÄ‚îÄ‚îÄ‚îÄ‚îÄ‚îÄ‚îÄ‚îÄ‚îÄ‚îÄ‚îÄ‚îÄ‚îÄ‚îÄ‚îÄ‚îÄ‚îÄ‚îÄ‚îÄ‚îÄ‚îÄ‚îÄ‚îÄ‚îÄ‚îÄ‚îÄ‚îÄ‚îÄ‚îÄ‚îÄ‚îÄ‚îÄ‚îÄ‚îÄ‚îÄ‚îÄ‚îÄ‚îÄ‚îÄ‚îÄ‚îÄ‚îÄ‚îÄ‚îÄ‚îÄ‚îÄ‚îÄ‚îÄ‚îÄ‚îÄ‚îÄ‚îÄ‚îÄ‚îÄ‚îÄ‚îÄ‚îÄ‚îÄ‚îÄ‚îÄ‚îÄ‚î§
‚îÇ average response time: 764ms [min: 9ms, max: 11.9s, s.d.: 2.9s] ‚îÇ
‚îî‚îÄ‚îÄ‚îÄ‚îÄ‚îÄ‚îÄ‚îÄ‚îÄ‚îÄ‚îÄ‚îÄ‚îÄ‚îÄ‚îÄ‚îÄ‚îÄ‚îÄ‚îÄ‚îÄ‚îÄ‚îÄ‚îÄ‚îÄ‚îÄ‚îÄ‚îÄ‚îÄ‚îÄ‚îÄ‚îÄ‚îÄ‚îÄ‚îÄ‚îÄ‚îÄ‚îÄ‚îÄ‚îÄ‚îÄ‚îÄ‚îÄ‚îÄ‚îÄ‚îÄ‚îÄ‚îÄ‚îÄ‚îÄ‚îÄ‚îÄ‚îÄ‚îÄ‚îÄ‚îÄ‚îÄ‚îÄ‚îÄ‚îÄ‚îÄ‚îÄ‚îÄ‚îÄ‚îÄ‚îÄ‚îÄ‚îò

   #  failure         detail                                                                                                                                                                                                                                                                                                                                                                                                                                                                                                                                                                                                                                                                                                                      
                                                                                                                                                                                                                                                                                                                                                                                                                                                                                                                                                                                                                                                                                                                                                  
 01.  AssertionError  Status code is 201                                                                                                                                                                                                                                                                                                                                                                                                                                                                                                                                                                                                                                                                                                          
                      expected response to have status code 201 but got 500                                                                                                                                                                                                                                                                                                                                                                                                                                                                                                                                                                                                                                                                       
                      at assertion:0 in test-script                                                                                                                                                                                                                                                                                                                                                                                                                                                                                                                                                                                                                                                                                               
                      inside "create a category"                                                                                                                                                                                                                                                                                                                                                                                                                                                                                                                                                                                                                                                                                                  
                                                                                                                                                                                                                                                                                                                                                                                                                                                                                                                                                                                                                                                                                                                                                  
 02.  AssertionError  Response time is less than 200ms                                                                                                                                                                                                                                                                                                                                                                                                                                                                                                                                                                                                                                                                                            
                      expected 11913 to be below 200                                                                                                                                                                                                                                                                                                                                                                                                                                                                                                                                                                                                                                                                                              
                      at assertion:1 in test-script                                                                                                                                                                                                                                                                                                                                                                                                                                                                                                                                                                                                                                                                                               
                      inside "create a category"                                                                                                                                                                                                                                                                                                                                                                                                                                                                                                                                                                                                                                                                                                  
                                                                                                                                                                                                                                                                                                                                                                                                                                                                                                                                                                                                                                                                                                                                                  
 03.  AssertionError  Body matches string                                                                                                                                                                                                                                                                                                                                                                                                                                                                                                                                                                                                                                                                                                         
                      expected '{"errorCode":null,"message":"could not execute statement; SQL [n/a]; constraint [\\"SALESMANAGER.UK3MQ9I6QMGQUVOIESLX39PEJ6X_INDEX_3 ON SALESMANAGER.CATEGORY(MERCHANT_ID, CODE) VALUES ( /* key:64 */ null, null, null, null, null, null, \'Sleeping\', null, null, null, null, null, 1, null)\\"; SQL statement:\\ninsert into SALESMANAGER.CATEGORY (DATE_CREATED, DATE_MODIFIED, UPDT_ID, CATEGORY_IMAGE, CATEGORY_STATUS, CODE, DEPTH, FEATURED, LINEAGE, MERCHANT_ID, PARENT_ID, SORT_ORDER, VISIBLE, CATEGORY_ID) values (?, ?, ?, ?, ?, ?, ?, ?, ?, ?, ?, ?, ?, ?) [23505-200]]; nested exception is org.hibernate.exception.ConstraintViolationException: could not execute statement"}' to include 'id' 
                      at assertion:2 in test-script                                                                                                                                                                                                                                                                                                                                                                                                                                                                                                                                                                                                                                                                                               
                      inside "create a category"                                                                                                                                                                                                                                                                                                                                                                                                                                                                                                                                                                                                                                                                                                  
                                                                                                                                                                                                                                                                                                                                                                                                                                                                                                                                                                                                                                                                                                                                                  
 04.  AssertionError  Your test name                                                                                                                                                                                                                                                                                                                                                                                                                                                                                                                                                                                                                                                                                                              
                      expected undefined to deeply equal 'Sleeping'                                                                                                                                                                                                                                                                                                                                                                                                                                                                                                                                                                                                                                                                               
                      at assertion:3 in test-script                                                                                                                                                                                                                                                                                                                                                                                                                                                                                                                                                                                                                                                                                               
                      inside "create a category"                                                                                                                                                                                                                                                                                                                                                                                                                                                                                                                                                                                                                                                                                                  
                                                                                                                                                                                                                                                                                                                                                                                                                                                                                                                                                                                                                                                                                                                                                  
 05.  AssertionError  Successful POST request                                                                                                                                                                                                                                                                                                                                                                                                                                                                                                                                                                                                                                                                                                     
                      expected 500 to be one of [ 201, 202 ]                                                                                                                                                                                                                                                                                                                                                                                                                                                                                                                                                                                                                                                                                      
                      at assertion:4 in test-script                                                                                                                                                                                                                                                                                                                                                                                                                                                                                                                                                                                                                                                                                               
                      inside "create a category"                                                                                                                                                                                                                                                                                                                                                                                                                                                                                                                                                                                                                                                                                                  
                                                                                                                                                                                                                                                                                                                                                                                                                                                                                                                                                                                                                                                                                                                                                  
 06.  AssertionError  Status code name has string                                                                                                                                                                                                                                                                                                                                                                                                                                                                                                                                                                                                                                                                                                 
                      expected response to have status reason 'Created' but got 'Internal Server Error'                                                                                                                                                                                                                                                                                                                                                                                                                                                                                                                                                                                                                                           
                      at assertion:5 in test-script                                                                                                                                                                                                                                                                                                                                                                                                                                                                                                                                                                                                                                                                                               
                      inside "create a category"                                                                                                                                                                                                                                                                                                                                                                                                                                                                                                                                                                                                                                                                                                  
                                                                                                                                                                                                                                                                                                                                                                                                                                                                                                                                                                                                                                                                                                                                                  
 07.  AssertionError  Status code is 200                                                                                                                                                                                                                                                                                                                                                                                                                                                                                                                                                                                                                                                                                                          
                      expected response to have status code 200 but got 405                                                                                                                                                                                                                                                                                                                                                                                                                                                                                                                                                                                                                                                                       
                      at assertion:0 in test-script                                                                                                                                                                                                                                                                                                                                                                                                                                                                                                                                                                                                                                                                                               
                      inside "Update the store"                                                                                                                                                                                                                                                                                                                                                                                                                                                                                                                                                                                                                                                                                                   
                                                                                                                                                                                                                                                                                                                                                                                                                                                                                                                                                                                                                                                                                                                                                  
 08.  AssertionError  Body matches string                                                                                                                                                                                                                                                                                                                                                                                                                                                                                                                                                                                                                                                                                                         
                      expected '{"timestamp":"2020-05-12T12:05:08.373+0000","status":405,"error":"Method Not Allowed","message":"Request method \'PUT\' not supported","path":"/api/v1/private/category/"}' to include 'id'                                                                                                                                                                                                                                                                                                                                                                                                                                                                                                                       
                      at assertion:2 in test-script                                                                                                                                                                                                                                                                                                                                                                                                                                                                                                                                                                                                                                                                                               
                      inside "Update the store"                                                                                                                                                                                                                                                                                                                                                                                                                                                                                                                                                                                                                                                                                                   
                                                                                                                                                                                                                                                                                                                                                                                                                                                                                                                                                                                                                                                                                                                                                  
 09.  AssertionError  Your test name                                                                                                                                                                                                                                                                                                                                                                                                                                                                                                                                                                                                                                                                                                              
                      expected undefined to deeply equal 'SleepingSound'                                                                                                                                                                                                                                                                                                                                                                                                                                                                                                                                                                                                                                                                          
                      at assertion:3 in test-script                                                                                                                                                                                                                                                                                                                                                                                                                                                                                                                                                                                                                                                                                               
                      inside "Update the store"                                                                                                                                                                                                                                                                                                                                                                                                                                                                                                                                                                                                                                                                                                   
                                                                                                                                                                                                                                                                                                                                                                                                                                                                                                                                                                                                                                                                                                                                                  
 10.  AssertionError  Status code is 200                                                                                                                                                                                                                                                                                                                                                                                                                                                                                                                                                                                                                                                                                                          
                      expected response to have status code 200 but got 405                                                                                                                                                                                                                                                                                                                                                                                                                                                                                                                                                                                                                                                                       
                      at assertion:0 in test-script                                                                                                                                                                                                                                                                                                                                                                                                                                                                                                                                                                                                                                                                                               
                      inside "Delete the category"                                                                                                                                                                                                                                                                                                                                                                                                                                                                                                                                                                                                                                                                                                
                                                                                                                                                                                                                                                                                                                                                                                                                                                                                                                                                                                                                                                                                                                                                  
 11.  AssertionError  Status code name has string                                                                                                                                                                                                                                                                                                                                                                                                                                                                                                                                                                                                                                                                                                 
                      expected response to have status reason 'OK' but got 'Method Not Allowed'                                                                                                                                                                                                                                                                                                                                                                                                                                                                                                                                                                                                                                                   
                      at assertion:2 in test-script                                                                                                                                                                                                                                                                                                                                                                                                                                                                                                                                                                                                                                                                                               
                      inside "Delete the category"                                                                                                                                                                                                                                                                                                                                                                                                                                                                                                                                                                                                                                                                                                
Build step 'Execute Windows batch command' marked build as failure
Finished: FAILURE
