Started by user [8mha:////4Gu+7aA5jDkiFfpngZXal1oqojI5ys5EjQGp3hFIbswnAAAAlx+LCAAAAAAAAP9b85aBtbiIQTGjNKU4P08vOT+vOD8nVc83PyU1x6OyILUoJzMv2y+/JJUBAhiZGBgqihhk0NSjKDWzXb3RdlLBUSYGJk8GtpzUvPSSDB8G5tKinBIGIZ+sxLJE/ZzEvHT94JKizLx0a6BxUmjGOUNodHsLgAzWEgZu/dLi1CL9xJTczDwAj6GcLcAAAAA=[0madmin
Running as SYSTEM
Building in workspace C:\Program Files (x86)\Jenkins\workspace\Manufacture API
[Manufacture API] $ cmd /c call C:\Windows\TEMP\jenkins1765686967753520144.bat

C:\Program Files (x86)\Jenkins\workspace\Manufacture API>cd C:\Users\Arti Mehtani\AppData\Roaming\npm 

C:\Users\Arti Mehtani\AppData\Roaming\npm>newman run https://www.getpostman.com/collections/9c53526ec4e3abea1b88 
newman

Manufacture API

â†’ Get all manufacturers for all items in a given category
  POST http://localhost:8080/api/v1/private/login [200 OK, 862B, 1346ms]
  GET http://localhost:8080/api/v1/category/4/manufacturers [200 OK, 770B, 642ms]
  âˆš  Status code is 200
  1. Response time is less than 200ms
  âˆš  Body matches string
  âˆš  Your test name

â†’ List Manufacturers by store
  POST http://localhost:8080/api/v1/private/login [200 OK, 787B, 16ms]
  GET http://localhost:8080/api/v1/manufacturers/ [200 OK, 2.03KB, 64ms]
  âˆš  Status code is 200
  âˆš  Response time is less than 200ms
  âˆš  Body matches string
  âˆš  Body matches string

â†’ Get manufacturer by id
  POST http://localhost:8080/api/v1/private/login [200 OK, 787B, 18ms]
  GET http://localhost:8080/api/v1/manufacturers/100 [200 OK, 584B, 19ms]
  âˆš  Status code is 200
  âˆš  Response time is less than 200ms
  âˆš  Body matches string
  âˆš  Check the name of manufacturer in response data

â†’ Create a manufacturer
  POST http://localhost:8080/api/v1/private/login [200 OK, 787B, 13ms]
  POST http://localhost:8080/api/v1/private/manufacturer [201 Created, 793B, 189ms]
  âˆš  Status code is 201
  âˆš  Successful POST request
  âˆš  Status code name has string
  âˆš  Body matches string

â†’ Update the manufacture by id
  POST http://localhost:8080/api/v1/private/login [200 OK, 787B, 21ms]
  PUT http://localhost:8080/api/v1/private/manufacturer/154 [200 OK, 520B, 57ms]
  âˆš  Status code is 200
  âˆš  Response time is less than 200ms
  âˆš  Status code name has string

â†’ Delete the manufacturer
  POST http://localhost:8080/api/v1/private/login [200 OK, 787B, 17ms]
  DELETE http://localhost:8080/api/v1/manufacturer/154 [200 OK, 338B, 34ms]
  âˆš  Status code is 200
  âˆš  Response time is less than 200ms
  âˆš  Status code name has string

â†’ check if manufacturer already exists
  POST http://localhost:8080/api/v1/private/login [200 OK, 787B, 12ms]
  GET http://localhost:8080/api/v1/private/manufacturer/unique?code=ITHÃ¶gskola [200 OK, 576B, 34ms]
  âˆš  Status code is 200
  âˆš  Response time is less than 200ms
  âˆš  Status code name has string
  âˆš  Your test name

â”Œâ”€â”€â”€â”€â”€â”€â”€â”€â”€â”€â”€â”€â”€â”€â”€â”€â”€â”€â”€â”€â”€â”€â”€â”€â”€â”¬â”€â”€â”€â”€â”€â”€â”€â”€â”€â”€â”€â”€â”€â”€â”€â”€â”€â”€â”€â”€â”€â”¬â”€â”€â”€â”€â”€â”€â”€â”€â”€â”€â”€â”€â”€â”€â”€â”€â”€â”€â”€â”€â”
â”‚                         â”‚            executed â”‚             failed â”‚
â”œâ”€â”€â”€â”€â”€â”€â”€â”€â”€â”€â”€â”€â”€â”€â”€â”€â”€â”€â”€â”€â”€â”€â”€â”€â”€â”¼â”€â”€â”€â”€â”€â”€â”€â”€â”€â”€â”€â”€â”€â”€â”€â”€â”€â”€â”€â”€â”€â”¼â”€â”€â”€â”€â”€â”€â”€â”€â”€â”€â”€â”€â”€â”€â”€â”€â”€â”€â”€â”€â”¤
â”‚              iterations â”‚                   1 â”‚                  0 â”‚
â”œâ”€â”€â”€â”€â”€â”€â”€â”€â”€â”€â”€â”€â”€â”€â”€â”€â”€â”€â”€â”€â”€â”€â”€â”€â”€â”¼â”€â”€â”€â”€â”€â”€â”€â”€â”€â”€â”€â”€â”€â”€â”€â”€â”€â”€â”€â”€â”€â”¼â”€â”€â”€â”€â”€â”€â”€â”€â”€â”€â”€â”€â”€â”€â”€â”€â”€â”€â”€â”€â”¤
â”‚                requests â”‚                  14 â”‚                  0 â”‚
â”œâ”€â”€â”€â”€â”€â”€â”€â”€â”€â”€â”€â”€â”€â”€â”€â”€â”€â”€â”€â”€â”€â”€â”€â”€â”€â”¼â”€â”€â”€â”€â”€â”€â”€â”€â”€â”€â”€â”€â”€â”€â”€â”€â”€â”€â”€â”€â”€â”¼â”€â”€â”€â”€â”€â”€â”€â”€â”€â”€â”€â”€â”€â”€â”€â”€â”€â”€â”€â”€â”¤
â”‚            test-scripts â”‚                  14 â”‚                  0 â”‚
â”œâ”€â”€â”€â”€â”€â”€â”€â”€â”€â”€â”€â”€â”€â”€â”€â”€â”€â”€â”€â”€â”€â”€â”€â”€â”€â”¼â”€â”€â”€â”€â”€â”€â”€â”€â”€â”€â”€â”€â”€â”€â”€â”€â”€â”€â”€â”€â”€â”¼â”€â”€â”€â”€â”€â”€â”€â”€â”€â”€â”€â”€â”€â”€â”€â”€â”€â”€â”€â”€â”¤
â”‚      prerequest-scripts â”‚                   7 â”‚                  0 â”‚
â”œâ”€â”€â”€â”€â”€â”€â”€â”€â”€â”€â”€â”€â”€â”€â”€â”€â”€â”€â”€â”€â”€â”€â”€â”€â”€â”¼â”€â”€â”€â”€â”€â”€â”€â”€â”€â”€â”€â”€â”€â”€â”€â”€â”€â”€â”€â”€â”€â”¼â”€â”€â”€â”€â”€â”€â”€â”€â”€â”€â”€â”€â”€â”€â”€â”€â”€â”€â”€â”€â”¤
â”‚              assertions â”‚                  26 â”‚                  1 â”‚
â”œâ”€â”€â”€â”€â”€â”€â”€â”€â”€â”€â”€â”€â”€â”€â”€â”€â”€â”€â”€â”€â”€â”€â”€â”€â”€â”´â”€â”€â”€â”€â”€â”€â”€â”€â”€â”€â”€â”€â”€â”€â”€â”€â”€â”€â”€â”€â”€â”´â”€â”€â”€â”€â”€â”€â”€â”€â”€â”€â”€â”€â”€â”€â”€â”€â”€â”€â”€â”€â”¤
â”‚ total run duration: 3.2s                                           â”‚
â”œâ”€â”€â”€â”€â”€â”€â”€â”€â”€â”€â”€â”€â”€â”€â”€â”€â”€â”€â”€â”€â”€â”€â”€â”€â”€â”€â”€â”€â”€â”€â”€â”€â”€â”€â”€â”€â”€â”€â”€â”€â”€â”€â”€â”€â”€â”€â”€â”€â”€â”€â”€â”€â”€â”€â”€â”€â”€â”€â”€â”€â”€â”€â”€â”€â”€â”€â”€â”€â”¤
â”‚ total data received: 4.02KB (approx)                               â”‚
â”œâ”€â”€â”€â”€â”€â”€â”€â”€â”€â”€â”€â”€â”€â”€â”€â”€â”€â”€â”€â”€â”€â”€â”€â”€â”€â”€â”€â”€â”€â”€â”€â”€â”€â”€â”€â”€â”€â”€â”€â”€â”€â”€â”€â”€â”€â”€â”€â”€â”€â”€â”€â”€â”€â”€â”€â”€â”€â”€â”€â”€â”€â”€â”€â”€â”€â”€â”€â”€â”¤
â”‚ average response time: 177ms [min: 12ms, max: 1346ms, s.d.: 361ms] â”‚
â””â”€â”€â”€â”€â”€â”€â”€â”€â”€â”€â”€â”€â”€â”€â”€â”€â”€â”€â”€â”€â”€â”€â”€â”€â”€â”€â”€â”€â”€â”€â”€â”€â”€â”€â”€â”€â”€â”€â”€â”€â”€â”€â”€â”€â”€â”€â”€â”€â”€â”€â”€â”€â”€â”€â”€â”€â”€â”€â”€â”€â”€â”€â”€â”€â”€â”€â”€â”€â”˜

  #  failure         detail                                                           
                                                                                      
 1.  AssertionError  Response time is less than 200ms                                 
                     expected 642 to be below 200                                     
                     at assertion:1 in test-script                                    
                     inside "Get all manufacturers for all items in a given category" 
Build step 'Execute Windows batch command' marked build as failure
Finished: FAILURE
